Basic/build/outputs/logs/manifest-merger-debug-report.txt
-- Merging decision tree log ---
manifest
ADDED from src/main/AndroidManifest.xml:2:1-111:12
INJECTED from src/main/AndroidManifest.xml:2:1-111:12
INJECTED from src/main/AndroidManifest.xml:2:1-111:12
INJECTED from src/main/AndroidManifest.xml:2:1-111:12
MERGED from [com.indooratlas.android:indooratlas-android-sdk:2.7.0-beta-848] AndroidManifest.xml:2:1-36:12
MERGED from [com.indooratlas.android:indooratlas-android-wayfinding:2.7.0-beta-9] AndroidManifest.xml:2:1-18:12
MERGED from [com.android.support:design:23.0.1] AndroidManifest.xml:17:1-24:12
MERGED from [com.android.support:appcompat-v7:23.1.0] AndroidManifest.xml:17:1-24:12
MERGED from [com.google.android.gms:play-services-maps:8.1.0] AndroidManifest.xml:16:1-29:12
MERGED from [com.google.maps.android:android-maps-utils:0.3.4] AndroidManifest.xml:2:1-9:12
MERGED from [com.davemorrissey.labs:subsampling-scale-image-view:3.2.0] AndroidManifest.xml:2:1-11:12
MERGED from [com.github.MKergall:osmbonuspack:6.2] AndroidManifest.xml:2:1-13:12
MERGED from [org.osmdroid:osmdroid-android:5.6.4] AndroidManifest.xml:2:1-37:12
MERGED from [com.google.android.gms:play-services-base:8.1.0] AndroidManifest.xml:16:1-19:12
MERGED from [com.google.android.gms:play-services-basement:8.1.0] AndroidManifest.xml:16:1-26:12
MERGED from [com.android.support:support-v4:26.0.0-beta1] AndroidManifest.xml:17:1-31:12
MERGED from [com.android.support:support-media-compat:26.0.0-beta1] AndroidManifest.xml:17:1-31:12
MERGED from [com.android.support:support-fragment:26.0.0-beta1] AndroidManifest.xml:17:1-31:12
MERGED from [com.android.support:support-core-utils:26.0.0-beta1] AndroidManifest.xml:17:1-31:12
MERGED from [com.android.support:support-core-ui:26.0.0-beta1] AndroidManifest.xml:17:1-31:12
MERGED from [com.android.support:support-compat:26.0.0-beta1] AndroidManifest.xml:17:1-31:12
INJECTED from src/main/AndroidManifest.xml:2:1-111:12
INJECTED from src/main/AndroidManifest.xml:2:1-111:12
INJECTED from src/main/AndroidManifest.xml:2:1-111:12
	package
		ADDED from src/main/AndroidManifest.xml:3:5-51
		INJECTED from src/main/AndroidManifest.xml
		INJECTED from src/main/AndroidManifest.xml
	android:versionName
		INJECTED from src/main/AndroidManifest.xml
		ADDED from src/main/AndroidManifest.xml:2:1-111:12
		INJECTED from src/main/AndroidManifest.xml
	android:versionCode
		INJECTED from src/main/AndroidManifest.xml
		ADDED from src/main/AndroidManifest.xml:2:1-111:12
		INJECTED from src/main/AndroidManifest.xml
	xmlns:android
		ADDED from src/main/AndroidManifest.xml:2:11-69
uses-permission#android.permission.VIBRATE
ADDED from src/main/AndroidManifest.xml:4:5-66
	android:name
		ADDED from src/main/AndroidManifest.xml:4:22-63
uses-permission#android.permission.WRITE_EXTERNAL_STORAGE
ADDED from src/main/AndroidManifest.xml:5:5-81
MERGED from [com.google.android.gms:play-services-maps:8.1.0] AndroidManifest.xml:22:5-80
MERGED from [com.google.android.gms:play-services-maps:8.1.0] AndroidManifest.xml:22:5-80
MERGED from [org.osmdroid:osmdroid-android:5.6.4] AndroidManifest.xml:21:5-81
MERGED from [org.osmdroid:osmdroid-android:5.6.4] AndroidManifest.xml:21:5-81
	android:name
		ADDED from src/main/AndroidManifest.xml:5:22-78
uses-permission#android.permission.ACCESS_FINE_LOCATION
ADDED from src/main/AndroidManifest.xml:6:5-79
MERGED from [org.osmdroid:osmdroid-android:5.6.4] AndroidManifest.xml:16:5-79
MERGED from [org.osmdroid:osmdroid-android:5.6.4] AndroidManifest.xml:16:5-79
	android:name
		ADDED from src/main/AndroidManifest.xml:6:22-76
uses-permission#android.permission.DOWNLOAD_WITHOUT_NOTIFICATION
ADDED from src/main/AndroidManifest.xml:7:5-88
	android:name
		ADDED from src/main/AndroidManifest.xml:7:22-85
uses-permission#android.permission.INTERNET
ADDED from src/main/AndroidManifest.xml:8:5-67
MERGED from [com.indooratlas.android:indooratlas-android-sdk:2.7.0-beta-848] AndroidManifest.xml:12:5-67
MERGED from [com.indooratlas.android:indooratlas-android-sdk:2.7.0-beta-848] AndroidManifest.xml:12:5-67
MERGED from [com.google.android.gms:play-services-maps:8.1.0] AndroidManifest.xml:21:5-66
MERGED from [com.google.android.gms:play-services-maps:8.1.0] AndroidManifest.xml:21:5-66
MERGED from [org.osmdroid:osmdroid-android:5.6.4] AndroidManifest.xml:20:5-67
MERGED from [org.osmdroid:osmdroid-android:5.6.4] AndroidManifest.xml:20:5-67
	android:name
		ADDED from src/main/AndroidManifest.xml:8:22-64
uses-permission#android.permission.BLUETOOTH
ADDED from src/main/AndroidManifest.xml:9:5-68
	android:name
		ADDED from src/main/AndroidManifest.xml:9:22-65
uses-permission#android.permission.BLUETOOTH_ADMIN
ADDED from src/main/AndroidManifest.xml:10:5-74
	android:name
		ADDED from src/main/AndroidManifest.xml:10:22-71
uses-feature#0x00020000
ADDED from src/main/AndroidManifest.xml:12:5-14:34
MERGED from [com.google.android.gms:play-services-maps:8.1.0] AndroidManifest.xml:23:5-25:33
MERGED from [com.google.android.gms:play-services-maps:8.1.0] AndroidManifest.xml:23:5-25:33
	android:glEsVersion
		ADDED from src/main/AndroidManifest.xml:13:9-41
	android:required
		ADDED from src/main/AndroidManifest.xml:14:9-32
application
ADDED from src/main/AndroidManifest.xml:16:5-109:19
MERGED from [com.indooratlas.android:indooratlas-android-sdk:2.7.0-beta-848] AndroidManifest.xml:30:5-34:19
MERGED from [com.indooratlas.android:indooratlas-android-sdk:2.7.0-beta-848] AndroidManifest.xml:30:5-34:19
MERGED from [com.indooratlas.android:indooratlas-android-wayfinding:2.7.0-beta-9] AndroidManifest.xml:11:5-16:19
MERGED from [com.indooratlas.android:indooratlas-android-wayfinding:2.7.0-beta-9] AndroidManifest.xml:11:5-16:19
MERGED from [com.android.support:design:23.0.1] AndroidManifest.xml:22:5-20
MERGED from [com.android.support:design:23.0.1] AndroidManifest.xml:22:5-20
MERGED from [com.android.support:appcompat-v7:23.1.0] AndroidManifest.xml:22:5-20
MERGED from [com.android.support:appcompat-v7:23.1.0] AndroidManifest.xml:22:5-20
MERGED from [com.google.android.gms:play-services-maps:8.1.0] AndroidManifest.xml:28:5-20
MERGED from [com.google.android.gms:play-services-maps:8.1.0] AndroidManifest.xml:28:5-20
MERGED from [com.google.maps.android:android-maps-utils:0.3.4] AndroidManifest.xml:7:5-20
MERGED from [com.google.maps.android:android-maps-utils:0.3.4] AndroidManifest.xml:7:5-20
MERGED from [com.github.MKergall:osmbonuspack:6.2] AndroidManifest.xml:11:5-20
MERGED from [com.github.MKergall:osmbonuspack:6.2] AndroidManifest.xml:11:5-20
MERGED from [com.google.android.gms:play-services-basement:8.1.0] AndroidManifest.xml:20:5-24:19
MERGED from [com.google.android.gms:play-services-basement:8.1.0] AndroidManifest.xml:20:5-24:19
MERGED from [com.android.support:support-v4:26.0.0-beta1] AndroidManifest.xml:25:5-29:19
MERGED from [com.android.support:support-v4:26.0.0-beta1] AndroidManifest.xml:25:5-29:19
MERGED from [com.android.support:support-media-compat:26.0.0-beta1] AndroidManifest.xml:25:5-29:19
MERGED from [com.android.support:support-media-compat:26.0.0-beta1] AndroidManifest.xml:25:5-29:19
MERGED from [com.android.support:support-fragment:26.0.0-beta1] AndroidManifest.xml:25:5-29:19
MERGED from [com.android.support:support-fragment:26.0.0-beta1] AndroidManifest.xml:25:5-29:19
MERGED from [com.android.support:support-core-utils:26.0.0-beta1] AndroidManifest.xml:25:5-29:19
MERGED from [com.android.support:support-core-utils:26.0.0-beta1] AndroidManifest.xml:25:5-29:19
MERGED from [com.android.support:support-core-ui:26.0.0-beta1] AndroidManifest.xml:25:5-29:19
MERGED from [com.android.support:support-core-ui:26.0.0-beta1] AndroidManifest.xml:25:5-29:19
MERGED from [com.android.support:support-compat:26.0.0-beta1] AndroidManifest.xml:25:5-29:19
MERGED from [com.android.support:support-compat:26.0.0-beta1] AndroidManifest.xml:25:5-29:19
	android:supportsRtl
		ADDED from [com.indooratlas.android:indooratlas-android-wayfinding:2.7.0-beta-9] AndroidManifest.xml:14:9-35
	android:label
		ADDED from src/main/AndroidManifest.xml:19:9-41
	android:icon
		ADDED from src/main/AndroidManifest.xml:18:9-45
	android:allowBackup
		ADDED from src/main/AndroidManifest.xml:17:9-35
	android:theme
		ADDED from src/main/AndroidManifest.xml:20:9-40
meta-data#com.google.android.gms.version
ADDED from src/main/AndroidManifest.xml:21:9-23:69
MERGED from [com.google.android.gms:play-services-basement:8.1.0] AndroidManifest.xml:21:9-23:69
MERGED from [com.google.android.gms:play-services-basement:8.1.0] AndroidManifest.xml:21:9-23:69
	android:value
		ADDED from src/main/AndroidManifest.xml:23:13-66
	android:name
		ADDED from src/main/AndroidManifest.xml:22:13-58
meta-data#com.google.android.maps.v2.API_KEY
ADDED from src/main/AndroidManifest.xml:24:9-26:55
	android:value
		ADDED from src/main/AndroidManifest.xml:26:13-52
	android:name
		ADDED from src/main/AndroidManifest.xml:25:13-62
meta-data#com.indooratlas.android.sdk.API_KEY
ADDED from src/main/AndroidManifest.xml:27:9-29:68
	android:value
		ADDED from src/main/AndroidManifest.xml:29:13-65
	android:name
		ADDED from src/main/AndroidManifest.xml:28:13-63
meta-data#com.indooratlas.android.sdk.API_SECRET
ADDED from src/main/AndroidManifest.xml:30:9-32:160
	android:value
		ADDED from src/main/AndroidManifest.xml:32:13-157
	android:name
		ADDED from src/main/AndroidManifest.xml:31:13-66
activity#com.indooratlas.android.sdk.examples.ListExamplesActivity
ADDED from src/main/AndroidManifest.xml:34:9-42:20
	android:label
		ADDED from src/main/AndroidManifest.xml:36:13-45
	android:name
		ADDED from src/main/AndroidManifest.xml:35:13-49
intent-filter#android.intent.action.MAIN+android.intent.category.LAUNCHER
ADDED from src/main/AndroidManifest.xml:37:13-41:29
action#android.intent.action.MAIN
ADDED from src/main/AndroidManifest.xml:38:17-69
	android:name
		ADDED from src/main/AndroidManifest.xml:38:25-66
category#android.intent.category.LAUNCHER
ADDED from src/main/AndroidManifest.xml:40:17-77
	android:name
		ADDED from src/main/AndroidManifest.xml:40:27-74
activity#com.indooratlas.android.sdk.examples.simple.SimpleActivity
ADDED from src/main/AndroidManifest.xml:44:9-47:60
	android:label
		ADDED from src/main/AndroidManifest.xml:47:13-57
	android:configChanges
		ADDED from src/main/AndroidManifest.xml:46:13-59
	android:name
		ADDED from src/main/AndroidManifest.xml:45:13-50
activity#com.indooratlas.android.sdk.examples.imageview.ImageViewActivity
ADDED from src/main/AndroidManifest.xml:48:9-51:52
	android:screenOrientation
		ADDED from src/main/AndroidManifest.xml:51:13-49
	android:label
		ADDED from src/main/AndroidManifest.xml:50:13-60
	android:name
		ADDED from src/main/AndroidManifest.xml:49:13-56
activity#com.indooratlas.android.sdk.examples.googlemaps.MapsActivity
ADDED from src/main/AndroidManifest.xml:52:9-55:52
	android:screenOrientation
		ADDED from src/main/AndroidManifest.xml:55:13-49
	android:label
		ADDED from src/main/AndroidManifest.xml:54:13-67
	android:name
		ADDED from src/main/AndroidManifest.xml:53:13-52
activity#com.indooratlas.android.sdk.examples.mapsoverlay.MapsOverlayActivity
ADDED from src/main/AndroidManifest.xml:56:9-59:52
	android:screenOrientation
		ADDED from src/main/AndroidManifest.xml:59:13-49
	android:label
		ADDED from src/main/AndroidManifest.xml:58:13-69
	android:name
		ADDED from src/main/AndroidManifest.xml:57:13-60
activity#com.indooratlas.android.sdk.examples.sharelocation.ShareLocationActivity
ADDED from src/main/AndroidManifest.xml:60:9-63:67
	android:label
		ADDED from src/main/AndroidManifest.xml:63:13-64
	android:configChanges
		ADDED from src/main/AndroidManifest.xml:62:13-59
	android:name
		ADDED from src/main/AndroidManifest.xml:61:13-64
activity#com.indooratlas.android.sdk.examples.credentials.CredentialsFromCodeActivity
ADDED from src/main/AndroidManifest.xml:64:9-66:65
	android:label
		ADDED from src/main/AndroidManifest.xml:66:13-62
	android:name
		ADDED from src/main/AndroidManifest.xml:65:13-68
activity#com.indooratlas.android.sdk.examples.regions.RegionsActivity
ADDED from src/main/AndroidManifest.xml:67:9-70:61
	android:label
		ADDED from src/main/AndroidManifest.xml:70:13-58
	android:configChanges
		ADDED from src/main/AndroidManifest.xml:69:13-59
	android:name
		ADDED from src/main/AndroidManifest.xml:68:13-52
activity#com.indooratlas.android.sdk.examples.background.BackgroundActivity
ADDED from src/main/AndroidManifest.xml:71:9-73:64
	android:label
		ADDED from src/main/AndroidManifest.xml:73:13-61
	android:name
		ADDED from src/main/AndroidManifest.xml:72:13-58
activity#com.indooratlas.android.sdk.examples.orientation.OrientationActivity
ADDED from src/main/AndroidManifest.xml:74:9-77:51
	android:screenOrientation
		ADDED from src/main/AndroidManifest.xml:77:13-49
	android:label
		ADDED from src/main/AndroidManifest.xml:76:13-62
	android:name
		ADDED from src/main/AndroidManifest.xml:75:13-60
service#com.indooratlas.android.sdk.examples.background.LocationStoreService
ADDED from src/main/AndroidManifest.xml:78:9-80:40
	android:exported
		ADDED from src/main/AndroidManifest.xml:80:13-37
	android:name
		ADDED from src/main/AndroidManifest.xml:79:13-60
activity#com.indooratlas.android.sdk.examples.osmdroid.OpenStreetMapOverlay
ADDED from src/main/AndroidManifest.xml:81:9-84:52
	android:screenOrientation
		ADDED from src/main/AndroidManifest.xml:84:13-49
	android:label
		ADDED from src/main/AndroidManifest.xml:83:13-62
	android:name
		ADDED from src/main/AndroidManifest.xml:82:13-58
activity#com.indooratlas.android.sdk.examples.geofence.GeofenceActivity
ADDED from src/main/AndroidManifest.xml:85:9-88:52
	android:screenOrientation
		ADDED from src/main/AndroidManifest.xml:88:13-49
	android:label
		ADDED from src/main/AndroidManifest.xml:87:13-59
	android:name
		ADDED from src/main/AndroidManifest.xml:86:13-54
activity#com.indooratlas.android.sdk.examples.locationsettings.LocationSettingsActivity
ADDED from src/main/AndroidManifest.xml:89:9-91:71
	android:label
		ADDED from src/main/AndroidManifest.xml:91:13-68
	android:name
		ADDED from src/main/AndroidManifest.xml:90:13-70
activity#com.indooratlas.android.sdk.examples.wayfinding.WayfindingOverlayActivity
ADDED from src/main/AndroidManifest.xml:93:9-97:20
	android:screenOrientation
		ADDED from src/main/AndroidManifest.xml:96:13-49
	android:label
		ADDED from src/main/AndroidManifest.xml:95:13-61
	android:name
		ADDED from src/main/AndroidManifest.xml:94:13-65
provider#android.support.v4.content.FileProvider
ADDED from src/main/AndroidManifest.xml:99:9-107:20
	android:grantUriPermissions
		ADDED from src/main/AndroidManifest.xml:103:13-47
	android:authorities
		ADDED from src/main/AndroidManifest.xml:101:13-84
	android:exported
		ADDED from src/main/AndroidManifest.xml:102:13-37
	android:name
		ADDED from src/main/AndroidManifest.xml:100:13-67
meta-data#android.support.FILE_PROVIDER_PATHS
ADDED from src/main/AndroidManifest.xml:104:13-106:53
	android:resource
		ADDED from src/main/AndroidManifest.xml:106:17-50
	android:name
		ADDED from src/main/AndroidManifest.xml:105:17-67
uses-sdk
INJECTED from src/main/AndroidManifest.xml reason: use-sdk injection requested
INJECTED from src/main/AndroidManifest.xml
INJECTED from src/main/AndroidManifest.xml
MERGED from [com.indooratlas.android:indooratlas-android-sdk:2.7.0-beta-848] AndroidManifest.xml:7:5-9:41
MERGED from [com.indooratlas.android:indooratlas-android-sdk:2.7.0-beta-848] AndroidManifest.xml:7:5-9:41
MERGED from [com.indooratlas.android:indooratlas-android-wayfinding:2.7.0-beta-9] AndroidManifest.xml:7:5-9:41
MERGED from [com.indooratlas.android:indooratlas-android-wayfinding:2.7.0-beta-9] AndroidManifest.xml:7:5-9:41
MERGED from [com.android.support:design:23.0.1] AndroidManifest.xml:20:5-43
MERGED from [com.android.support:design:23.0.1] AndroidManifest.xml:20:5-43
MERGED from [com.android.support:appcompat-v7:23.1.0] AndroidManifest.xml:20:5-43
MERGED from [com.android.support:appcompat-v7:23.1.0] AndroidManifest.xml:20:5-43
MERGED from [com.google.android.gms:play-services-maps:8.1.0] AndroidManifest.xml:27:5-42
MERGED from [com.google.android.gms:play-services-maps:8.1.0] AndroidManifest.xml:27:5-42
MERGED from [com.google.maps.android:android-maps-utils:0.3.4] AndroidManifest.xml:5:5-43
MERGED from [com.google.maps.android:android-maps-utils:0.3.4] AndroidManifest.xml:5:5-43
MERGED from [com.davemorrissey.labs:subsampling-scale-image-view:3.2.0] AndroidManifest.xml:7:5-9:41
MERGED from [com.davemorrissey.labs:subsampling-scale-image-view:3.2.0] AndroidManifest.xml:7:5-9:41
MERGED from [com.github.MKergall:osmbonuspack:6.2] AndroidManifest.xml:7:5-9:41
MERGED from [com.github.MKergall:osmbonuspack:6.2] AndroidManifest.xml:7:5-9:41
MERGED from [org.osmdroid:osmdroid-android:5.6.4] AndroidManifest.xml:7:5-9:41
MERGED from [org.osmdroid:osmdroid-android:5.6.4] AndroidManifest.xml:7:5-9:41
MERGED from [com.google.android.gms:play-services-base:8.1.0] AndroidManifest.xml:18:5-42
MERGED from [com.google.android.gms:play-services-base:8.1.0] AndroidManifest.xml:18:5-42
MERGED from [com.google.android.gms:play-services-basement:8.1.0] AndroidManifest.xml:18:5-42
MERGED from [com.google.android.gms:play-services-basement:8.1.0] AndroidManifest.xml:18:5-42
MERGED from [com.android.support:support-v4:26.0.0-beta1] AndroidManifest.xml:21:5-23:54
MERGED from [com.android.support:support-v4:26.0.0-beta1] AndroidManifest.xml:21:5-23:54
MERGED from [com.android.support:support-media-compat:26.0.0-beta1] AndroidManifest.xml:21:5-23:63
MERGED from [com.android.support:support-media-compat:26.0.0-beta1] AndroidManifest.xml:21:5-23:63
MERGED from [com.android.support:support-fragment:26.0.0-beta1] AndroidManifest.xml:21:5-23:60
MERGED from [com.android.support:support-fragment:26.0.0-beta1] AndroidManifest.xml:21:5-23:60
MERGED from [com.android.support:support-core-utils:26.0.0-beta1] AndroidManifest.xml:21:5-23:61
MERGED from [com.android.support:support-core-utils:26.0.0-beta1] AndroidManifest.xml:21:5-23:61
MERGED from [com.android.support:support-core-ui:26.0.0-beta1] AndroidManifest.xml:21:5-23:58
MERGED from [com.android.support:support-core-ui:26.0.0-beta1] AndroidManifest.xml:21:5-23:58
MERGED from [com.android.support:support-compat:26.0.0-beta1] AndroidManifest.xml:21:5-23:58
MERGED from [com.android.support:support-compat:26.0.0-beta1] AndroidManifest.xml:21:5-23:58
INJECTED from src/main/AndroidManifest.xml
INJECTED from src/main/AndroidManifest.xml
	tools:overrideLibrary
		ADDED from [com.android.support:support-v4:26.0.0-beta1] AndroidManifest.xml:23:9-51
	android:targetSdkVersion
		INJECTED from src/main/AndroidManifest.xml
		ADDED from src/main/AndroidManifest.xml
		INJECTED from src/main/AndroidManifest.xml
	android:minSdkVersion
		INJECTED from src/main/AndroidManifest.xml
		ADDED from src/main/AndroidManifest.xml
		INJECTED from src/main/AndroidManifest.xml
uses-permission#android.permission.ACCESS_NETWORK_STATE
ADDED from [com.indooratlas.android:indooratlas-android-sdk:2.7.0-beta-848] AndroidManifest.xml:11:5-79
MERGED from [com.google.android.gms:play-services-maps:8.1.0] AndroidManifest.xml:20:5-78
MERGED from [com.google.android.gms:play-services-maps:8.1.0] AndroidManifest.xml:20:5-78
MERGED from [org.osmdroid:osmdroid-android:5.6.4] AndroidManifest.xml:19:5-79
MERGED from [org.osmdroid:osmdroid-android:5.6.4] AndroidManifest.xml:19:5-79
	android:name
		ADDED from [com.indooratlas.android:indooratlas-android-sdk:2.7.0-beta-848] AndroidManifest.xml:11:22-76
uses-permission#android.permission.CHANGE_WIFI_STATE
ADDED from [com.indooratlas.android:indooratlas-android-sdk:2.7.0-beta-848] AndroidManifest.xml:13:5-76
	android:name
		ADDED from [com.indooratlas.android:indooratlas-android-sdk:2.7.0-beta-848] AndroidManifest.xml:13:22-73
uses-permission#android.permission.ACCESS_WIFI_STATE
ADDED from [com.indooratlas.android:indooratlas-android-sdk:2.7.0-beta-848] AndroidManifest.xml:14:5-76
MERGED from [org.osmdroid:osmdroid-android:5.6.4] AndroidManifest.xml:18:5-76
MERGED from [org.osmdroid:osmdroid-android:5.6.4] AndroidManifest.xml:18:5-76
	android:name
		ADDED from [com.indooratlas.android:indooratlas-android-sdk:2.7.0-beta-848] AndroidManifest.xml:14:22-73
uses-permission#android.permission.ACCESS_COARSE_LOCATION
ADDED from [com.indooratlas.android:indooratlas-android-sdk:2.7.0-beta-848] AndroidManifest.xml:15:5-81
MERGED from [org.osmdroid:osmdroid-android:5.6.4] AndroidManifest.xml:17:5-81
MERGED from [org.osmdroid:osmdroid-android:5.6.4] AndroidManifest.xml:17:5-81
	android:name
		ADDED from [com.indooratlas.android:indooratlas-android-sdk:2.7.0-beta-848] AndroidManifest.xml:15:22-78
uses-feature#android.hardware.sensor.accelerometer
ADDED from [com.indooratlas.android:indooratlas-android-sdk:2.7.0-beta-848] AndroidManifest.xml:17:5-19:36
	android:required
		ADDED from [com.indooratlas.android:indooratlas-android-sdk:2.7.0-beta-848] AndroidManifest.xml:19:9-33
	android:name
		ADDED from [com.indooratlas.android:indooratlas-android-sdk:2.7.0-beta-848] AndroidManifest.xml:18:9-61
uses-feature#android.hardware.sensor.compass
ADDED from [com.indooratlas.android:indooratlas-android-sdk:2.7.0-beta-848] AndroidManifest.xml:20:5-22:36
	android:required
		ADDED from [com.indooratlas.android:indooratlas-android-sdk:2.7.0-beta-848] AndroidManifest.xml:22:9-33
	android:name
		ADDED from [com.indooratlas.android:indooratlas-android-sdk:2.7.0-beta-848] AndroidManifest.xml:21:9-55
uses-feature#android.hardware.sensor.gyroscope
ADDED from [com.indooratlas.android:indooratlas-android-sdk:2.7.0-beta-848] AndroidManifest.xml:23:5-25:36
	android:required
		ADDED from [com.indooratlas.android:indooratlas-android-sdk:2.7.0-beta-848] AndroidManifest.xml:25:9-33
	android:name
		ADDED from [com.indooratlas.android:indooratlas-android-sdk:2.7.0-beta-848] AndroidManifest.xml:24:9-57
uses-feature#android.hardware.wifi
ADDED from [com.indooratlas.android:indooratlas-android-sdk:2.7.0-beta-848] AndroidManifest.xml:26:5-28:35
MERGED from [org.osmdroid:osmdroid-android:5.6.4] AndroidManifest.xml:33:5-35:36
MERGED from [org.osmdroid:osmdroid-android:5.6.4] AndroidManifest.xml:33:5-35:36
	android:required
		ADDED from [com.indooratlas.android:indooratlas-android-sdk:2.7.0-beta-848] AndroidManifest.xml:28:9-32
	android:name
		ADDED from [com.indooratlas.android:indooratlas-android-sdk:2.7.0-beta-848] AndroidManifest.xml:27:9-45
service#com.indooratlas.android.sdk.IALocationService
ADDED from [com.indooratlas.android:indooratlas-android-sdk:2.7.0-beta-848] AndroidManifest.xml:31:9-33:49
	android:label
		ADDED from [com.indooratlas.android:indooratlas-android-sdk:2.7.0-beta-848] AndroidManifest.xml:33:13-46
	android:name
		ADDED from [com.indooratlas.android:indooratlas-android-sdk:2.7.0-beta-848] AndroidManifest.xml:32:13-73
uses-permission#android.permission.READ_EXTERNAL_STORAGE
IMPLIED from src/main/AndroidManifest.xml:2:1-111:12 reason: com.google.android.gms.maps requested WRITE_EXTERNAL_STORAGE
MERGED from [org.osmdroid:osmdroid-android:5.6.4] AndroidManifest.xml:22:5-80
MERGED from [org.osmdroid:osmdroid-android:5.6.4] AndroidManifest.xml:22:5-80
supports-screens
ADDED from [org.osmdroid:osmdroid-android:5.6.4] AndroidManifest.xml:11:5-14:40
	android:largeScreens
		ADDED from [org.osmdroid:osmdroid-android:5.6.4] AndroidManifest.xml:13:9-36
	android:normalScreens
		ADDED from [org.osmdroid:osmdroid-android:5.6.4] AndroidManifest.xml:14:9-37
	android:anyDensity
		ADDED from [org.osmdroid:osmdroid-android:5.6.4] AndroidManifest.xml:12:9-34
uses-feature#android.hardware.location.network
ADDED from [org.osmdroid:osmdroid-android:5.6.4] AndroidManifest.xml:24:5-26:36
	android:required
		ADDED from [org.osmdroid:osmdroid-android:5.6.4] AndroidManifest.xml:26:9-33
	android:name
		ADDED from [org.osmdroid:osmdroid-android:5.6.4] AndroidManifest.xml:25:9-57
uses-feature#android.hardware.location.gps
ADDED from [org.osmdroid:osmdroid-android:5.6.4] AndroidManifest.xml:27:5-29:36
	android:required
		ADDED from [org.osmdroid:osmdroid-android:5.6.4] AndroidManifest.xml:29:9-33
	android:name
		ADDED from [org.osmdroid:osmdroid-android:5.6.4] AndroidManifest.xml:28:9-53
uses-feature#android.hardware.telephony
ADDED from [org.osmdroid:osmdroid-android:5.6.4] AndroidManifest.xml:30:5-32:36
	android:required
		ADDED from [org.osmdroid:osmdroid-android:5.6.4] AndroidManifest.xml:32:9-33
	android:name
		ADDED from [org.osmdroid:osmdroid-android:5.6.4] AndroidManifest.xml:31:9-50
meta-data#android.support.VERSION
ADDED from [com.android.support:support-v4:26.0.0-beta1] AndroidManifest.xml:26:9-28:44
MERGED from [com.android.support:support-media-compat:26.0.0-beta1] AndroidManifest.xml:26:9-28:44
MERGED from [com.android.support:support-media-compat:26.0.0-beta1] AndroidManifest.xml:26:9-28:44
MERGED from [com.android.support:support-fragment:26.0.0-beta1] AndroidManifest.xml:26:9-28:44
MERGED from [com.android.support:support-fragment:26.0.0-beta1] AndroidManifest.xml:26:9-28:44
MERGED from [com.android.support:support-core-utils:26.0.0-beta1] AndroidManifest.xml:26:9-28:44
MERGED from [com.android.support:support-core-utils:26.0.0-beta1] AndroidManifest.xml:26:9-28:44
MERGED from [com.android.support:support-core-ui:26.0.0-beta1] AndroidManifest.xml:26:9-28:44
MERGED from [com.android.support:support-core-ui:26.0.0-beta1] AndroidManifest.xml:26:9-28:44
MERGED from [com.android.support:support-compat:26.0.0-beta1] AndroidManifest.xml:26:9-28:44
MERGED from [com.android.support:support-compat:26.0.0-beta1] AndroidManifest.xml:26:9-28:44
	android:value
		ADDED from [com.android.support:support-v4:26.0.0-beta1] AndroidManifest.xml:28:13-41
	android:name
		ADDED from [com.android.support:support-v4:26.0.0-beta1] AndroidManifest.xml:27:13-51